{
  "0 debug pnpm:scope": {
    "selected": 1,
    "workspacePrefix": null
  },
  "1 error pnpm": {
    "message": {
      "errno": 2,
      "code": "ELIFECYCLE",
      "pkgid": "amqplib@0.5.5",
      "stage": "test",
      "script": "make test",
      "pkgname": "amqplib"
    },
    "err": {
      "name": "Error",
      "message": "amqplib@0.5.5 test: `make test`\nExit status 2",
      "code": "ELIFECYCLE",
      "stack": "Error: amqplib@0.5.5 test: `make test`\nExit status 2\n    at EventEmitter.<anonymous> (/home/jeremyc/.nvm/versions/node/v12.9.0/lib/node_modules/pnpm/lib/node_modules/@zkochan/npm-lifecycle/index.js:302:16)\n    at EventEmitter.emit (events.js:209:13)\n    at ChildProcess.<anonymous> (/home/jeremyc/.nvm/versions/node/v12.9.0/lib/node_modules/pnpm/lib/node_modules/@zkochan/npm-lifecycle/lib/spawn.js:55:14)\n    at ChildProcess.emit (events.js:209:13)\n    at maybeClose (internal/child_process.js:1021:16)\n    at Process.ChildProcess._handle.onexit (internal/child_process.js:283:5)"
    }
  }
}